<?xml version="1.0" encoding="UTF-8"?>
<!-- Generated by org.testng.reporters.JUnitReportReporter -->
<testsuite hostname="Sasi" failures="0" tests="3" name="TestNG.Priority" time="0.009" errors="0" timestamp="2023-07-28T15:27:35 IST" skipped="0">
  <testcase classname="TestNG.Priority" name="test1" time="0.007"/>
  <system-out/>
  <testcase classname="TestNG.Priority" name="test2" time="0.001"/>
  <system-out/>
  <testcase classname="TestNG.Priority" name="test3" time="0.001"/>
  <system-out/>
</testsuite> <!-- TestNG.Priority -->
