<?xml version="1.0" encoding="UTF-8"?>
<!-- Generated by org.testng.reporters.JUnitReportReporter -->
<testsuite hostname="Sasi" failures="0" tests="1" name="TestNG.Assertions" time="97.623" errors="0" timestamp="2023-07-28T18:54:29 IST" skipped="0">
  <testcase classname="TestNG.Assertions" name="Login" time="97.623"/>
  <system-out/>
</testsuite> <!-- TestNG.Assertions -->
