<?xml version="1.0" encoding="UTF-8"?>
<!-- Generated by org.testng.reporters.JUnitReportReporter -->
<testsuite hostname="Sasi" failures="0" tests="2" name="ScrollBar_TestNG.Scroll_Skillrary_Carrers" time="209.768" errors="0" timestamp="2023-07-28T15:54:44 IST" skipped="0">
  <testcase classname="ScrollBar_TestNG.Scroll_Skillrary_Carrers" name="Demo1" time="103.690"/>
  <system-out/>
  <testcase classname="ScrollBar_TestNG.Scroll_Skillrary_Carrers" name="Demo1" time="106.078"/>
  <system-out/>
</testsuite> <!-- ScrollBar_TestNG.Scroll_Skillrary_Carrers -->
