<?xml version="1.0" encoding="UTF-8"?>
<!-- Generated by org.testng.reporters.JUnitReportReporter -->
<testsuite hostname="Sasi" failures="0" tests="3" name="TestNG.Invocationcount" time="0.008" errors="0" timestamp="2023-07-28T15:27:35 IST" skipped="1">
  <testcase classname="TestNG.Invocationcount" name="test1" time="0.007"/>
  <system-out/>
  <testcase classname="TestNG.Invocationcount" name="test1" time="0.001"/>
  <system-out/>
  <testcase classname="TestNG.Invocationcount" name="test3">
    <skipped/>
  </testcase> <!-- test3 -->
  <system-out/>
</testsuite> <!-- TestNG.Invocationcount -->
