<?xml version="1.0" encoding="UTF-8"?>
<!-- Generated by org.testng.reporters.JUnitReportReporter -->
<testsuite hostname="Sasi" failures="0" tests="3" name="TestNG.DataProvider" time="261.902" errors="0" timestamp="2023-07-29T06:49:30 IST" skipped="0">
  <testcase classname="TestNG.DataProvider" name="demo" time="86.799"/>
  <system-out/>
  <testcase classname="TestNG.DataProvider" name="demo" time="86.908"/>
  <system-out/>
  <testcase classname="TestNG.DataProvider" name="demo" time="88.195"/>
  <system-out/>
</testsuite> <!-- TestNG.DataProvider -->
